<?xml version="1.0" encoding="UTF-8"?>
<!-- Generated by org.testng.reporters.JUnitReportReporter -->
<testsuite hostname="LAPTOP-BMDKL70T" name="suvi.selmavtest.TestRunner" tests="2" failures="0" timestamp="29 Jul 2019 22:28:28 GMT" time="117.860" errors="0">
  <testcase name="feature" time="57.552" classname="suvi.selmavtest.TestRunner"/>
  <testcase name="feature" time="60.308" classname="suvi.selmavtest.TestRunner"/>
</testsuite> <!-- suvi.selmavtest.TestRunner -->
