<?xml version="1.0" encoding="UTF-8"?>
<!-- Generated by org.testng.reporters.JUnitReportReporter -->
<testsuite hostname="LAPTOP-BMDKL70T" name="suvi.selmavtest.TestRunner" tests="1" failures="0" timestamp="28 Jul 2019 07:20:36 GMT" time="171.810" errors="0">
  <testcase name="feature" time="171.810" classname="suvi.selmavtest.TestRunner"/>
</testsuite> <!-- suvi.selmavtest.TestRunner -->
